d:\visualworkspace\uwppenappdraft\uwppenappdraft\debug\uwppenappdraft.pch
d:\visualworkspace\uwppenappdraft\uwppenappdraft\debug\vc140.pdb
d:\visualworkspace\uwppenappdraft\uwppenappdraft\debug\vc140.idb
d:\visualworkspace\uwppenappdraft\uwppenappdraft\debug\pch.obj
d:\visualworkspace\uwppenappdraft\uwppenappdraft\debug\app.xaml.obj
d:\visualworkspace\uwppenappdraft\uwppenappdraft\debug\mainpage.xaml.obj
d:\visualworkspace\uwppenappdraft\uwppenappdraft\debug\xamltypeinfo.impl.g.obj
d:\visualworkspace\uwppenappdraft\uwppenappdraft\debug\gridcontent.xaml.obj
d:\visualworkspace\uwppenappdraft\debug\uwppenappdraft\uwppenappdraft.ilk
d:\visualworkspace\uwppenappdraft\debug\uwppenappdraft\uwppenappdraft.exe
d:\visualworkspace\uwppenappdraft\debug\uwppenappdraft\uwppenappdraft.pdb
d:\visualworkspace\uwppenappdraft\uwppenappdraft\debug\uwppenappdraft.tlog\uwppenappdraft.winmd.lastbuild
d:\visualworkspace\uwppenappdraft\debug\uwppenappdraft\uwppenappdraft.winmd
d:\visualworkspace\uwppenappdraft\debug\uwppenappdraft\uwppenappdraft.lib
d:\visualworkspace\uwppenappdraft\debug\uwppenappdraft\uwppenappdraft.exp
d:\visualworkspace\uwppenappdraft\uwppenappdraft\debug\uwppenappdraft.vcxprojresolveassemblyreference.cache
d:\visualworkspace\uwppenappdraft\uwppenappdraft\generated files\app.g.h
d:\visualworkspace\uwppenappdraft\uwppenappdraft\generated files\gridcontent.g.h
d:\visualworkspace\uwppenappdraft\uwppenappdraft\generated files\mainpage.g.h
d:\visualworkspace\uwppenappdraft\uwppenappdraft\generated files\app.xaml
d:\visualworkspace\uwppenappdraft\uwppenappdraft\generated files\gridcontent.xaml
d:\visualworkspace\uwppenappdraft\uwppenappdraft\generated files\mainpage.xaml
d:\visualworkspace\uwppenappdraft\uwppenappdraft\generated files\app.xbf
d:\visualworkspace\uwppenappdraft\uwppenappdraft\generated files\gridcontent.xbf
d:\visualworkspace\uwppenappdraft\uwppenappdraft\generated files\mainpage.xbf
d:\visualworkspace\uwppenappdraft\uwppenappdraft\debug\xamlsavestatefile.xml
d:\visualworkspace\uwppenappdraft\uwppenappdraft\generated files\xamltypeinfo.g.cpp
d:\visualworkspace\uwppenappdraft\debug\uwppenappdraft\app.xbf
d:\visualworkspace\uwppenappdraft\debug\uwppenappdraft\gridcontent.xbf
d:\visualworkspace\uwppenappdraft\debug\uwppenappdraft\mainpage.xbf
d:\visualworkspace\uwppenappdraft\uwppenappdraft\debug\resourcehandlingtask.state
d:\visualworkspace\uwppenappdraft\uwppenappdraft\debug\uwppenappdraft.vcxproj.generateresource.cache
d:\visualworkspace\uwppenappdraft\uwppenappdraft\debug\priconfig.xml
d:\visualworkspace\uwppenappdraft\uwppenappdraft\debug\priconfig.xml.intermediate
d:\visualworkspace\uwppenappdraft\uwppenappdraft\debug\layout.resfiles
d:\visualworkspace\uwppenappdraft\uwppenappdraft\debug\layout.resfiles.intermediate
d:\visualworkspace\uwppenappdraft\uwppenappdraft\debug\resources.resfiles
d:\visualworkspace\uwppenappdraft\uwppenappdraft\debug\resources.resfiles.intermediate
d:\visualworkspace\uwppenappdraft\uwppenappdraft\debug\pri.resfiles
d:\visualworkspace\uwppenappdraft\uwppenappdraft\debug\pri.resfiles.intermediate
d:\visualworkspace\uwppenappdraft\debug\uwppenappdraft\resources.pri
d:\visualworkspace\uwppenappdraft\uwppenappdraft\debug\qualifiers.txt
d:\visualworkspace\uwppenappdraft\uwppenappdraft\debug\qualifiers.txt.intermediate
d:\visualworkspace\uwppenappdraft\uwppenappdraft\debug\multiplequalifiersperdimensionfound.txt
d:\visualworkspace\uwppenappdraft\uwppenappdraft\debug\projectarchitectures.txt
d:\visualworkspace\uwppenappdraft\debug\uwppenappdraft\appxmanifest.xml
d:\visualworkspace\uwppenappdraft\debug\uwppenappdraft\uwppenappdraft.build.appxrecipe
d:\visualworkspace\uwppenappdraft\uwppenappdraft\debug\uwppenappdraft.tlog\cl.command.1.tlog
d:\visualworkspace\uwppenappdraft\uwppenappdraft\debug\uwppenappdraft.tlog\cl.read.1.tlog
d:\visualworkspace\uwppenappdraft\uwppenappdraft\debug\uwppenappdraft.tlog\cl.write.1.tlog
d:\visualworkspace\uwppenappdraft\uwppenappdraft\debug\uwppenappdraft.tlog\link.command.1.tlog
d:\visualworkspace\uwppenappdraft\uwppenappdraft\debug\uwppenappdraft.tlog\link.delete.1.tlog
d:\visualworkspace\uwppenappdraft\uwppenappdraft\debug\uwppenappdraft.tlog\link.read.1.tlog
d:\visualworkspace\uwppenappdraft\uwppenappdraft\debug\uwppenappdraft.tlog\link.write.1.tlog
d:\visualworkspace\uwppenappdraft\uwppenappdraft\debug\uwppenappdraft.tlog\uwppenappdraft.read.1u.tlog
d:\visualworkspace\uwppenappdraft\uwppenappdraft\debug\uwppenappdraft.tlog\uwppenappdraft.write.1u.tlog
d:\visualworkspace\uwppenappdraft\uwppenappdraft\generated files\gridpage.g.h
d:\visualworkspace\uwppenappdraft\uwppenappdraft\generated files\mainpage1.g.h
d:\visualworkspace\uwppenappdraft\uwppenappdraft\generated files\xamlbindinginfo.g.h
d:\visualworkspace\uwppenappdraft\uwppenappdraft\generated files\xamltypeinfo.g.h
d:\visualworkspace\uwppenappdraft\uwppenappdraft\generated files\xamllibmetadataprovider.g.cpp
d:\visualworkspace\uwppenappdraft\uwppenappdraft\generated files\xamltypeinfo.impl.g.cpp
